<?xml version="1.0" encoding="UTF-8"?>
<!-- Generated by org.testng.reporters.JUnitXMLReporter -->
<testsuite hostname="LAPTOP-H8ACE30E" name="Test" tests="6" failures="0" timestamp="23 Nov 2020 06:20:21 GMT" time="29.8" errors="0">
  <testcase name="testcase_readExcelData" time="0.633" classname="testScenario.GiftCardInvalidInput"/>
  <testcase name="testcase_clickGiftCards" time="9.844" classname="testScenario.GiftCardInvalidInput"/>
  <testcase name="testcase_selectGiftCards" time="0.089" classname="testScenario.GiftCardInvalidInput"/>
  <testcase name="testcase_customiseGiftCard" time="0.952" classname="testScenario.GiftCardInvalidInput"/>
  <testcase name="testcase_FillDetails" time="4.862" classname="testScenario.GiftCardInvalidInput"/>
  <testcase name="errorMessage" time="0.159" classname="testScenario.GiftCardInvalidInput"/>
</testsuite> <!-- Test -->
