<?xml version="1.0" encoding="UTF-8"?>
<testng-results total="6" passed="0" failed="0" skipped="6">
  <reporter-output>
  </reporter-output>
  <suite started-at="2020-11-23T10:55:18Z" name="Suite" finished-at="2020-11-23T10:55:18Z" duration-ms="261">
    <groups>
    </groups>
    <test started-at="2020-11-23T10:55:18Z" name="Test" finished-at="2020-11-23T10:55:18Z" duration-ms="261">
      <class name="testScenario.GiftCardInvalidInput">
        <test-method is-config="true" signature="testcase_getPathFile()[pri:0, instance:testScenario.GiftCardInvalidInput@6cf0e0ba]" started-at="2020-11-23T16:25:18Z" name="testcase_getPathFile" finished-at="2020-11-23T16:25:18Z" duration-ms="18" status="PASS">
          <reporter-output>
          </reporter-output>
        </test-method> <!-- testcase_getPathFile -->
        <test-method is-config="true" signature="driverConfiguration(java.lang.String)[pri:0, instance:testScenario.GiftCardInvalidInput@6cf0e0ba]" started-at="2020-11-23T16:25:18Z" name="driverConfiguration" finished-at="2020-11-23T16:25:18Z" duration-ms="0" status="FAIL">
          <params>
            <param index="0">
              <value>
                <![CDATA[chrome]]>
              </value>
            </param>
          </params>
          <exception class="java.lang.IllegalStateException">
            <message>
              <![CDATA[The driver executable does not exist: C:\Users\AMMU\Downloads\chromedriver_win32 (1)\chromedriver.exe]]>
            </message>
            <full-stacktrace>
              <![CDATA[java.lang.IllegalStateException: The driver executable does not exist: C:\Users\AMMU\Downloads\chromedriver_win32 (1)\chromedriver.exe
	at com.google.common.base.Preconditions.checkState(Preconditions.java:585)
	at org.openqa.selenium.remote.service.DriverService.checkExecutable(DriverService.java:146)
	at org.openqa.selenium.remote.service.DriverService.findExecutable(DriverService.java:141)
	at org.openqa.selenium.chrome.ChromeDriverService.access$000(ChromeDriverService.java:35)
	at org.openqa.selenium.chrome.ChromeDriverService$Builder.findDefaultExecutable(ChromeDriverService.java:159)
	at org.openqa.selenium.remote.service.DriverService$Builder.build(DriverService.java:355)
	at org.openqa.selenium.chrome.ChromeDriverService.createDefaultService(ChromeDriverService.java:94)
	at org.openqa.selenium.chrome.ChromeDriver.<init>(ChromeDriver.java:123)
	at userDefinedLibraries.DriverSetup.driverInstantiation(DriverSetup.java:19)
	at testScenario.GiftCardInvalidInput.driverConfiguration(GiftCardInvalidInput.java:57)
	at java.base/jdk.internal.reflect.NativeMethodAccessorImpl.invoke0(Native Method)
	at java.base/jdk.internal.reflect.NativeMethodAccessorImpl.invoke(NativeMethodAccessorImpl.java:62)
	at java.base/jdk.internal.reflect.DelegatingMethodAccessorImpl.invoke(DelegatingMethodAccessorImpl.java:43)
	at java.base/java.lang.reflect.Method.invoke(Method.java:566)
	at org.testng.internal.MethodInvocationHelper.invokeMethod(MethodInvocationHelper.java:80)
	at org.testng.internal.Invoker.invokeConfigurationMethod(Invoker.java:564)
	at org.testng.internal.Invoker.invokeConfigurations(Invoker.java:213)
	at org.testng.internal.Invoker.invokeConfigurations(Invoker.java:138)
	at org.testng.internal.TestMethodWorker.invokeBeforeClassMethods(TestMethodWorker.java:175)
	at org.testng.internal.TestMethodWorker.run(TestMethodWorker.java:107)
	at org.testng.TestRunner.privateRun(TestRunner.java:767)
	at org.testng.TestRunner.run(TestRunner.java:617)
	at org.testng.SuiteRunner.runTest(SuiteRunner.java:334)
	at org.testng.SuiteRunner.runSequentially(SuiteRunner.java:329)
	at org.testng.SuiteRunner.privateRun(SuiteRunner.java:291)
	at org.testng.SuiteRunner.run(SuiteRunner.java:240)
	at org.testng.SuiteRunnerWorker.runSuite(SuiteRunnerWorker.java:52)
	at org.testng.SuiteRunnerWorker.run(SuiteRunnerWorker.java:86)
	at org.testng.TestNG.runSuitesSequentially(TestNG.java:1198)
	at org.testng.TestNG.runSuitesLocally(TestNG.java:1123)
	at org.testng.TestNG.run(TestNG.java:1031)
	at org.apache.maven.surefire.testng.TestNGExecutor.run(TestNGExecutor.java:283)
	at org.apache.maven.surefire.testng.TestNGXmlTestSuite.execute(TestNGXmlTestSuite.java:75)
	at org.apache.maven.surefire.testng.TestNGProvider.invoke(TestNGProvider.java:120)
	at org.apache.maven.surefire.booter.ForkedBooter.invokeProviderInSameClassLoader(ForkedBooter.java:386)
	at org.apache.maven.surefire.booter.ForkedBooter.runSuitesInProcess(ForkedBooter.java:323)
	at org.apache.maven.surefire.booter.ForkedBooter.main(ForkedBooter.java:143)
]]>
            </full-stacktrace>
          </exception> <!-- java.lang.IllegalStateException -->
          <reporter-output>
          </reporter-output>
        </test-method> <!-- driverConfiguration -->
        <test-method signature="testcase_readExcelData()[pri:0, instance:testScenario.GiftCardInvalidInput@6cf0e0ba]" started-at="2020-11-23T16:25:18Z" name="testcase_readExcelData" finished-at="2020-11-23T16:25:18Z" duration-ms="1" status="SKIP">
          <reporter-output>
          </reporter-output>
        </test-method> <!-- testcase_readExcelData -->
        <test-method signature="testcase_clickGiftCards()[pri:0, instance:testScenario.GiftCardInvalidInput@6cf0e0ba]" started-at="2020-11-23T16:25:18Z" name="testcase_clickGiftCards" finished-at="2020-11-23T16:25:18Z" duration-ms="0" status="SKIP">
          <reporter-output>
          </reporter-output>
        </test-method> <!-- testcase_clickGiftCards -->
        <test-method signature="testcase_selectGiftCards()[pri:0, instance:testScenario.GiftCardInvalidInput@6cf0e0ba]" started-at="2020-11-23T16:25:18Z" name="testcase_selectGiftCards" finished-at="2020-11-23T16:25:18Z" duration-ms="0" status="SKIP">
          <reporter-output>
          </reporter-output>
        </test-method> <!-- testcase_selectGiftCards -->
        <test-method signature="testcase_FillDetails()[pri:0, instance:testScenario.GiftCardInvalidInput@6cf0e0ba]" started-at="2020-11-23T16:25:18Z" name="testcase_FillDetails" finished-at="2020-11-23T16:25:18Z" duration-ms="0" status="SKIP">
          <reporter-output>
          </reporter-output>
        </test-method> <!-- testcase_FillDetails -->
        <test-method signature="testcase_customiseGiftCard()[pri:0, instance:testScenario.GiftCardInvalidInput@6cf0e0ba]" started-at="2020-11-23T16:25:18Z" name="testcase_customiseGiftCard" finished-at="2020-11-23T16:25:18Z" duration-ms="0" status="SKIP">
          <reporter-output>
          </reporter-output>
        </test-method> <!-- testcase_customiseGiftCard -->
        <test-method signature="errorMessage()[pri:0, instance:testScenario.GiftCardInvalidInput@6cf0e0ba]" started-at="2020-11-23T16:25:18Z" name="errorMessage" finished-at="2020-11-23T16:25:18Z" duration-ms="0" status="SKIP">
          <reporter-output>
          </reporter-output>
        </test-method> <!-- errorMessage -->
      </class> <!-- testScenario.GiftCardInvalidInput -->
    </test> <!-- Test -->
  </suite> <!-- Suite -->
</testng-results>
